Drive
Drive
Drive
R is 1.35809929048
Gamma is 0.189155292538
Drive
Press anykey after reputting the car in the correct place 
Drive
Drive
Drive
R is 1.22072725887
Gamma is 0.209852060712
Drive
Press anykey after reputting the car in the correct place 
Drive
Drive
Drive
R is 0.174076826523
Gamma is 0.980816619634
Drive
Press anykey after reputting the car in the correct place 
Drive
Drive
Drive
R is 0.413535395899
Gamma is 0.561273411245
Drive
Press anykey after reputting the car in the correct place 
Drive
Drive
Drive
R is 0.430738516617
Gamma is -0.543072958893
Drive
Press anykey after reputting the car in the correct place 
Drive
Drive
Drive
R is 0.575780532385
Gamma is -0.42415124885
Drive
Press anykey after reputting the car in the correct place 
Drive
Drive
Drive
R is 0.408789895984
Gamma is -0.566487117288
Drive
Press anykey after reputting the car in the correct place 


